<?xml version="1.0" encoding="UTF-8"?>
<!-- Generated by org.testng.reporters.JUnitReportReporter -->
<testsuite hostname="KrishDambir-2022" failures="0" tests="1" name="com.example.GoogleSearchTest" time="0.000" errors="0" timestamp="2024-10-16T15:11:04 IST" skipped="0">
  <testcase classname="com.example.GoogleSearchTest" name="testApp" time="0.000"/>
  <system-out/>
</testsuite> <!-- com.example.GoogleSearchTest -->
